0 info it worked if it ends with ok
1 verbose cli [ '/usr/bin/nodejs', '/usr/bin/npm', 'run', 'ser' ]
2 info using npm@3.5.2
3 info using node@v4.2.6
4 verbose run-script [ 'preser', 'ser', 'postser' ]
5 info lifecycle client@1.0.0~preser: client@1.0.0
6 silly lifecycle client@1.0.0~preser: no script for preser, continuing
7 info lifecycle client@1.0.0~ser: client@1.0.0
8 verbose lifecycle client@1.0.0~ser: unsafe-perm in lifecycle true
9 verbose lifecycle client@1.0.0~ser: PATH: /usr/share/npm/bin/node-gyp-bin:/home/bakhytgul/Desktop/2018.Dosmurzayeva.Bakhytgul.greetgohub/client/node_modules/.bin:/home/bakhytgul/bin:/home/bakhytgul/.local/bin:/home/bakhytgul/.sdkman/candidates/gradle/current/bin:/home/bakhytgul/bin:/home/bakhytgul/.local/bin:/usr/local/sbin:/usr/local/bin:/usr/sbin:/usr/bin:/sbin:/bin:/usr/games:/usr/local/games:/snap/bin:/snap/bin:/usr/lib/jvm/java-8-oracle/bin:/usr/lib/jvm/java-8-oracle/db/bin:/usr/lib/jvm/java-8-oracle/jre/bin
10 verbose lifecycle client@1.0.0~ser: CWD: /home/bakhytgul/Desktop/2018.Dosmurzayeva.Bakhytgul.greetgohub/client
11 silly lifecycle client@1.0.0~ser: Args: [ '-c', 'gulp ser' ]
12 info lifecycle client@1.0.0~ser: Failed to exec ser script
13 verbose stack Error: client@1.0.0 ser: `gulp ser`
13 verbose stack spawn ENOENT
13 verbose stack     at ChildProcess.<anonymous> (/usr/share/npm/lib/utils/spawn.js:17:16)
13 verbose stack     at emitTwo (events.js:87:13)
13 verbose stack     at ChildProcess.emit (events.js:172:7)
13 verbose stack     at maybeClose (internal/child_process.js:821:16)
13 verbose stack     at Process.ChildProcess._handle.onexit (internal/child_process.js:211:5)
14 verbose pkgid client@1.0.0
15 verbose cwd /home/bakhytgul/Desktop/2018.Dosmurzayeva.Bakhytgul.greetgohub/client
16 error Linux 4.13.0-31-generic
17 error argv "/usr/bin/nodejs" "/usr/bin/npm" "run" "ser"
18 error node v4.2.6
19 error npm  v3.5.2
20 error file sh
21 error code ELIFECYCLE
22 error errno ENOENT
23 error syscall spawn
24 error client@1.0.0 ser: `gulp ser`
24 error spawn ENOENT
25 error Failed at the client@1.0.0 ser script 'gulp ser'.
25 error Make sure you have the latest version of node.js and npm installed.
25 error If you do, this is most likely a problem with the client package,
25 error not with npm itself.
25 error Tell the author that this fails on your system:
25 error     gulp ser
25 error You can get information on how to open an issue for this project with:
25 error     npm bugs client
25 error Or if that isn't available, you can get their info via:
25 error     npm owner ls client
25 error There is likely additional logging output above.
26 verbose exit [ 1, true ]
